<?xml version="1.0" encoding="UTF-8"?>
<testsuite name="lv.javaguru.java2.insurance.core.TravelCalculatePremiumRequestValidatorTest" tests="7" skipped="0" failures="0" errors="0" timestamp="2023-03-09T16:46:48" hostname="VSAVONINS" time="0.351">
  <properties/>
  <testcase name="shouldReturnErrorWhenAgreementDateToIsNull" classname="lv.javaguru.java2.insurance.core.TravelCalculatePremiumRequestValidatorTest" time="0.342"/>
  <testcase name="shouldReturnErrorWhenPersonFirstNameIsEmpty" classname="lv.javaguru.java2.insurance.core.TravelCalculatePremiumRequestValidatorTest" time="0.001"/>
  <testcase name="shouldReturnErrorWhenPersonLastNameIsNull" classname="lv.javaguru.java2.insurance.core.TravelCalculatePremiumRequestValidatorTest" time="0.001"/>
  <testcase name="shouldReturnErrorWhenPersonFirstNameIsNull" classname="lv.javaguru.java2.insurance.core.TravelCalculatePremiumRequestValidatorTest" time="0.001"/>
  <testcase name="shouldReturnErrorWhenAgreementDateFromIsNull" classname="lv.javaguru.java2.insurance.core.TravelCalculatePremiumRequestValidatorTest" time="0.001"/>
  <testcase name="shouldReturnErrorWhenPersonLastNameIsEmpty" classname="lv.javaguru.java2.insurance.core.TravelCalculatePremiumRequestValidatorTest" time="0.002"/>
  <testcase name="shouldNotReturnErrorWhenPersonFirstNameIsPresent" classname="lv.javaguru.java2.insurance.core.TravelCalculatePremiumRequestValidatorTest" time="0.001"/>
  <system-out><![CDATA[]]></system-out>
  <system-err><![CDATA[]]></system-err>
</testsuite>
